<?xml version="1.0" encoding="UTF-8"?>
<!-- Generated by org.testng.reporters.JUnitReportReporter -->
<testsuite hostname="INL-LPGMQ2-PSFT" failures="0" tests="1" name="com.example.tests.WorkflowApp" time="6.912" errors="0" timestamp="2025-08-12T18:04:58 IST" skipped="0">
  <testcase classname="com.example.tests.WorkflowApp" name="testGoogleSearch" time="6.912"/>
</testsuite> <!-- com.example.tests.WorkflowApp -->
